<?xml version="1.0" encoding="UTF-8"?>
<!-- Generated by org.testng.reporters.JUnitXMLReporter -->
<testsuite hostname="DESKTOP-L7AGLPD" name="Test" tests="2" failures="1" timestamp="28 Sep 2020 17:14:16 GMT" time="21.694" errors="0">
  <testcase name="wordpressTest2" time="5.4" classname="com.wordpress.qa.test.LoginPageTest"/>
  <testcase name="wordpressTest2" time="16.246" classname="com.wordpress.qa.test.LandingPageTest">
    <failure type="java.lang.NullPointerException">
      <![CDATA[java.lang.NullPointerException
	at com.wordpress.qa.test.LandingPageTest.wordpressTest2(LandingPageTest.java:34)
... Removed 25 stack frames]]>
    </failure>
  </testcase> <!-- wordpressTest2 -->
</testsuite> <!-- Test -->
