<?xml version="1.0" encoding="UTF-8"?>
<testng-results skipped="0" failed="1" total="2" passed="1">
  <reporter-output>
  </reporter-output>
  <suite name="Suite" duration-ms="21694" started-at="2020-09-28T17:13:54Z" finished-at="2020-09-28T17:14:16Z">
    <groups>
    </groups>
    <test name="Test" duration-ms="21694" started-at="2020-09-28T17:13:54Z" finished-at="2020-09-28T17:14:16Z">
      <class name="com.wordpress.qa.test.LoginPageTest">
        <test-method status="PASS" signature="initialize()[pri:0, instance:com.wordpress.qa.test.LoginPageTest@130d63be]" name="initialize" is-config="true" duration-ms="13725" started-at="2020-09-28T22:43:40Z" finished-at="2020-09-28T22:43:54Z">
          <reporter-output>
          </reporter-output>
        </test-method> <!-- initialize -->
        <test-method status="PASS" signature="wordpressTest2()[pri:0, instance:com.wordpress.qa.test.LoginPageTest@130d63be]" name="wordpressTest2" duration-ms="5400" started-at="2020-09-28T22:43:54Z" finished-at="2020-09-28T22:44:00Z">
          <reporter-output>
          </reporter-output>
        </test-method> <!-- wordpressTest2 -->
      </class> <!-- com.wordpress.qa.test.LoginPageTest -->
      <class name="com.wordpress.qa.test.LandingPageTest">
        <test-method status="FAIL" signature="wordpressTest2()[pri:0, instance:com.wordpress.qa.test.LandingPageTest@42a48628]" name="wordpressTest2" duration-ms="16246" started-at="2020-09-28T22:44:00Z" finished-at="2020-09-28T22:44:16Z">
          <exception class="java.lang.NullPointerException">
            <full-stacktrace>
              <![CDATA[java.lang.NullPointerException
	at com.wordpress.qa.test.LandingPageTest.wordpressTest2(LandingPageTest.java:34)
	at sun.reflect.NativeMethodAccessorImpl.invoke0(Native Method)
	at sun.reflect.NativeMethodAccessorImpl.invoke(NativeMethodAccessorImpl.java:62)
	at sun.reflect.DelegatingMethodAccessorImpl.invoke(DelegatingMethodAccessorImpl.java:43)
	at java.lang.reflect.Method.invoke(Method.java:498)
	at org.testng.internal.MethodInvocationHelper.invokeMethod(MethodInvocationHelper.java:100)
	at org.testng.internal.Invoker.invokeMethod(Invoker.java:646)
	at org.testng.internal.Invoker.invokeTestMethod(Invoker.java:811)
	at org.testng.internal.Invoker.invokeTestMethods(Invoker.java:1137)
	at org.testng.internal.TestMethodWorker.invokeTestMethods(TestMethodWorker.java:129)
	at org.testng.internal.TestMethodWorker.run(TestMethodWorker.java:112)
	at org.testng.TestRunner.privateRun(TestRunner.java:753)
	at org.testng.TestRunner.run(TestRunner.java:607)
	at org.testng.SuiteRunner.runTest(SuiteRunner.java:368)
	at org.testng.SuiteRunner.runSequentially(SuiteRunner.java:363)
	at org.testng.SuiteRunner.privateRun(SuiteRunner.java:321)
	at org.testng.SuiteRunner.run(SuiteRunner.java:270)
	at org.testng.SuiteRunnerWorker.runSuite(SuiteRunnerWorker.java:52)
	at org.testng.SuiteRunnerWorker.run(SuiteRunnerWorker.java:86)
	at org.testng.TestNG.runSuitesSequentially(TestNG.java:1284)
	at org.testng.TestNG.runSuitesLocally(TestNG.java:1209)
	at org.testng.TestNG.runSuites(TestNG.java:1124)
	at org.testng.TestNG.run(TestNG.java:1096)
	at org.testng.remote.AbstractRemoteTestNG.run(AbstractRemoteTestNG.java:132)
	at org.testng.remote.RemoteTestNG.initAndRun(RemoteTestNG.java:236)
	at org.testng.remote.RemoteTestNG.main(RemoteTestNG.java:81)
]]>
            </full-stacktrace>
          </exception> <!-- java.lang.NullPointerException -->
          <reporter-output>
          </reporter-output>
        </test-method> <!-- wordpressTest2 -->
        <test-method status="PASS" signature="teardown()[pri:0, instance:com.wordpress.qa.test.LandingPageTest@42a48628]" name="teardown" is-config="true" duration-ms="89" started-at="2020-09-28T22:44:16Z" finished-at="2020-09-28T22:44:16Z">
          <reporter-output>
          </reporter-output>
        </test-method> <!-- teardown -->
      </class> <!-- com.wordpress.qa.test.LandingPageTest -->
    </test> <!-- Test -->
  </suite> <!-- Suite -->
</testng-results>
